[2019-09-12 00:00:39] local.ERROR: SQLSTATE[42S02]: Base table or view not found: 1146 Table 'zhongxing.backend_admin_recharge_process_amounts' doesn't exist (SQL: select `admin`.*, `fund`.`fund` from `backend_admin_users` as `admin` left join `backend_admin_recharge_process_amounts` as `fund` on `fund`.`admin_id` = `admin`.`id` where `group_id` in (13)) {"exception":"[object] (Illuminate\\Database\\QueryException(code: 42S02): SQLSTATE[42S02]: Base table or view not found: 1146 Table 'zhongxing.backend_admin_recharge_process_amounts' doesn't exist (SQL: select `admin`.*, `fund`.`fund` from `backend_admin_users` as `admin` left join `backend_admin_recharge_process_amounts` as `fund` on `fund`.`admin_id` = `admin`.`id` where `group_id` in (13)) at /var/www/multisites/vendor/laravel/framework/src/Illuminate/Database/Connection.php:664, Doctrine\\DBAL\\Driver\\PDOException(code: 42S02): SQLSTATE[42S02]: Base table or view not found: 1146 Table 'zhongxing.backend_admin_recharge_process_amounts' doesn't exist at /var/www/multisites/vendor/doctrine/dbal/lib/Doctrine/DBAL/Driver/PDOConnection.php:63, PDOException(code: 42S02): SQLSTATE[42S02]: Base table or view not found: 1146 Table 'zhongxing.backend_admin_recharge_process_amounts' doesn't exist at /var/www/multisites/vendor/doctrine/dbal/lib/Doctrine/DBAL/Driver/PDOConnection.php:61)
[stacktrace]
#0 /var/www/multisites/vendor/laravel/framework/src/Illuminate/Database/Connection.php(624): Illuminate\\Database\\Connection->runQueryCallback('select `admin`....', Array, Object(Closure))
#1 /var/www/multisites/vendor/laravel/framework/src/Illuminate/Database/Connection.php(333): Illuminate\\Database\\Connection->run('select `admin`....', Array, Object(Closure))
#2 /var/www/multisites/vendor/laravel/framework/src/Illuminate/Database/Query/Builder.php(2130): Illuminate\\Database\\Connection->select('select `admin`....', Array, true)
#3 /var/www/multisites/vendor/laravel/framework/src/Illuminate/Database/Query/Builder.php(2118): Illuminate\\Database\\Query\\Builder->runSelect()
#4 /var/www/multisites/vendor/laravel/framework/src/Illuminate/Database/Query/Builder.php(2604): Illuminate\\Database\\Query\\Builder->Illuminate\\Database\\Query\\{closure}()
#5 /var/www/multisites/vendor/laravel/framework/src/Illuminate/Database/Query/Builder.php(2119): Illuminate\\Database\\Query\\Builder->onceWithColumns(Array, Object(Closure))
#6 /var/www/multisites/vendor/laravel/framework/src/Illuminate/Database/Eloquent/Builder.php(521): Illuminate\\Database\\Query\\Builder->get(Array)
#7 /var/www/multisites/vendor/laravel/framework/src/Illuminate/Database/Eloquent/Builder.php(505): Illuminate\\Database\\Eloquent\\Builder->getModels(Array)
#8 /var/www/multisites/app/Console/Commands/AllocationRechargeFundControl.php(45): Illuminate\\Database\\Eloquent\\Builder->get()
#9 [internal function]: App\\Console\\Commands\\AllocationRechargeFundControl->handle()
#10 /var/www/multisites/vendor/laravel/framework/src/Illuminate/Container/BoundMethod.php(32): call_user_func_array(Array, Array)
#11 /var/www/multisites/vendor/laravel/framework/src/Illuminate/Container/BoundMethod.php(90): Illuminate\\Container\\BoundMethod::Illuminate\\Container\\{closure}()
#12 /var/www/multisites/vendor/laravel/framework/src/Illuminate/Container/BoundMethod.php(34): Illuminate\\Container\\BoundMethod::callBoundMethod(Object(Illuminate\\Foundation\\Application), Array, Object(Closure))
#13 /var/www/multisites/vendor/laravel/framework/src/Illuminate/Container/Container.php(576): Illuminate\\Container\\BoundMethod::call(Object(Illuminate\\Foundation\\Application), Array, Array, NULL)
#14 /var/www/multisites/vendor/laravel/framework/src/Illuminate/Console/Command.php(183): Illuminate\\Container\\Container->call(Array)
#15 /var/www/multisites/vendor/symfony/console/Command/Command.php(255): Illuminate\\Console\\Command->execute(Object(Symfony\\Component\\Console\\Input\\ArgvInput), Object(Illuminate\\Console\\OutputStyle))
#16 /var/www/multisites/vendor/laravel/framework/src/Illuminate/Console/Command.php(170): Symfony\\Component\\Console\\Command\\Command->run(Object(Symfony\\Component\\Console\\Input\\ArgvInput), Object(Illuminate\\Console\\OutputStyle))
#17 /var/www/multisites/vendor/symfony/console/Application.php(915): Illuminate\\Console\\Command->run(Object(Symfony\\Component\\Console\\Input\\ArgvInput), Object(Symfony\\Component\\Console\\Output\\ConsoleOutput))
#18 /var/www/multisites/vendor/symfony/console/Application.php(272): Symfony\\Component\\Console\\Application->doRunCommand(Object(App\\Console\\Commands\\AllocationRechargeFundControl), Object(Symfony\\Component\\Console\\Input\\ArgvInput), Object(Symfony\\Component\\Console\\Output\\ConsoleOutput))
#19 /var/www/multisites/vendor/symfony/console/Application.php(148): Symfony\\Component\\Console\\Application->doRun(Object(Symfony\\Component\\Console\\Input\\ArgvInput), Object(Symfony\\Component\\Console\\Output\\ConsoleOutput))
#20 /var/www/multisites/vendor/laravel/framework/src/Illuminate/Console/Application.php(90): Symfony\\Component\\Console\\Application->run(Object(Symfony\\Component\\Console\\Input\\ArgvInput), Object(Symfony\\Component\\Console\\Output\\ConsoleOutput))
#21 /var/www/multisites/vendor/laravel/framework/src/Illuminate/Foundation/Console/Kernel.php(133): Illuminate\\Console\\Application->run(Object(Symfony\\Component\\Console\\Input\\ArgvInput), Object(Symfony\\Component\\Console\\Output\\ConsoleOutput))
#22 /var/www/multisites/artisan(37): Illuminate\\Foundation\\Console\\Kernel->handle(Object(Symfony\\Component\\Console\\Input\\ArgvInput), Object(Symfony\\Component\\Console\\Output\\ConsoleOutput))
#23 {main}
"} 
[2019-09-12 23:38:51] local.ERROR: MISCONF Redis is configured to save RDB snapshots, but it is currently not able to persist on disk. Commands that may modify the data set are disabled, because this instance is configured to report errors during writes if RDB snapshotting fails (stop-writes-on-bgsave-error option). Please check the Redis logs for details about the RDB error. {"exception":"[object] (Predis\\Response\\ServerException(code: 0): MISCONF Redis is configured to save RDB snapshots, but it is currently not able to persist on disk. Commands that may modify the data set are disabled, because this instance is configured to report errors during writes if RDB snapshotting fails (stop-writes-on-bgsave-error option). Please check the Redis logs for details about the RDB error. at /var/www/multisites/vendor/predis/predis/src/Client.php:370)
[stacktrace]
#0 /var/www/multisites/vendor/predis/predis/src/Client.php(335): Predis\\Client->onErrorResponse(Object(Predis\\Command\\KeyDelete), Object(Predis\\Response\\Error))
#1 /var/www/multisites/vendor/predis/predis/src/Client.php(314): Predis\\Client->executeCommand(Object(Predis\\Command\\KeyDelete))
#2 /var/www/multisites/vendor/laravel/framework/src/Illuminate/Redis/Connections/Connection.php(114): Predis\\Client->__call('del', Array)
#3 /var/www/multisites/vendor/laravel/framework/src/Illuminate/Redis/Connections/Connection.php(214): Illuminate\\Redis\\Connections\\Connection->command('del', Array)
#4 /var/www/multisites/vendor/laravel/framework/src/Illuminate/Cache/RedisTaggedCache.php(166): Illuminate\\Redis\\Connections\\Connection->__call('del', Array)
#5 /var/www/multisites/vendor/laravel/framework/src/Illuminate/Cache/RedisTaggedCache.php(142): Illuminate\\Cache\\RedisTaggedCache->deleteKeysByReference('forever_ref')
#6 /var/www/multisites/vendor/laravel/framework/src/Illuminate/Cache/RedisTaggedCache.php(88): Illuminate\\Cache\\RedisTaggedCache->deleteForeverKeys()
#7 /var/www/multisites/vendor/genealabs/laravel-model-caching/src/Traits/Caching.php(42): Illuminate\\Cache\\RedisTaggedCache->flush()
#8 /var/www/multisites/vendor/genealabs/laravel-model-caching/src/Traits/Caching.php(176): App\\Models\\BaseModel->flushCache()
#9 /var/www/multisites/vendor/genealabs/laravel-model-caching/src/Traits/Buildable.php(207): GeneaLabs\\LaravelModelCaching\\CachedBuilder->checkCooldownAndFlushAfterPersisting(Object(App\\Models\\Game\\Lottery\\LotteryIssue))
#10 /var/www/multisites/vendor/laravel/framework/src/Illuminate/Database/Eloquent/Model.php(745): GeneaLabs\\LaravelModelCaching\\CachedBuilder->update(Array)
#11 /var/www/multisites/vendor/laravel/framework/src/Illuminate/Database/Eloquent/Model.php(660): Illuminate\\Database\\Eloquent\\Model->performUpdate(Object(GeneaLabs\\LaravelModelCaching\\CachedBuilder))
#12 /var/www/multisites/vendor/laravelbook/ardent/src/Ardent/Ardent.php(771): Illuminate\\Database\\Eloquent\\Model->save(Array)
#13 /var/www/multisites/vendor/laravelbook/ardent/src/Ardent/Ardent.php(640): LaravelArdent\\Ardent\\Ardent->performSave(Array)
#14 /var/www/multisites/vendor/laravelbook/ardent/src/Ardent/Ardent.php(664): LaravelArdent\\Ardent\\Ardent->internalSave(Array, Array, Array, NULL, NULL, false)
#15 /var/www/multisites/app/Models/Game/Lottery/Logics/IssueEncodeLogics.php(28): LaravelArdent\\Ardent\\Ardent->save()
#16 /var/www/multisites/app/Models/Game/Lottery/Logics/IssueEncodeLogics.php(96): App\\Models\\Game\\Lottery\\LotteryIssue->recordEncodeNumber('4,6,7,10,3,5,9,...')
#17 /var/www/multisites/app/Console/Commands/LotterySchedule.php(51): App\\Models\\Game\\Lottery\\LotteryIssue::encode('jssc', '1909121418', '4,6,7,10,3,5,9,...')
#18 [internal function]: App\\Console\\Commands\\LotterySchedule->handle()
#19 /var/www/multisites/vendor/laravel/framework/src/Illuminate/Container/BoundMethod.php(32): call_user_func_array(Array, Array)
#20 /var/www/multisites/vendor/laravel/framework/src/Illuminate/Container/BoundMethod.php(90): Illuminate\\Container\\BoundMethod::Illuminate\\Container\\{closure}()
#21 /var/www/multisites/vendor/laravel/framework/src/Illuminate/Container/BoundMethod.php(34): Illuminate\\Container\\BoundMethod::callBoundMethod(Object(Illuminate\\Foundation\\Application), Array, Object(Closure))
#22 /var/www/multisites/vendor/laravel/framework/src/Illuminate/Container/Container.php(576): Illuminate\\Container\\BoundMethod::call(Object(Illuminate\\Foundation\\Application), Array, Array, NULL)
#23 /var/www/multisites/vendor/laravel/framework/src/Illuminate/Console/Command.php(183): Illuminate\\Container\\Container->call(Array)
#24 /var/www/multisites/vendor/symfony/console/Command/Command.php(255): Illuminate\\Console\\Command->execute(Object(Symfony\\Component\\Console\\Input\\ArgvInput), Object(Illuminate\\Console\\OutputStyle))
#25 /var/www/multisites/vendor/laravel/framework/src/Illuminate/Console/Command.php(170): Symfony\\Component\\Console\\Command\\Command->run(Object(Symfony\\Component\\Console\\Input\\ArgvInput), Object(Illuminate\\Console\\OutputStyle))
#26 /var/www/multisites/vendor/symfony/console/Application.php(915): Illuminate\\Console\\Command->run(Object(Symfony\\Component\\Console\\Input\\ArgvInput), Object(Symfony\\Component\\Console\\Output\\ConsoleOutput))
#27 /var/www/multisites/vendor/symfony/console/Application.php(272): Symfony\\Component\\Console\\Application->doRunCommand(Object(App\\Console\\Commands\\LotterySchedule), Object(Symfony\\Component\\Console\\Input\\ArgvInput), Object(Symfony\\Component\\Console\\Output\\ConsoleOutput))
#28 /var/www/multisites/vendor/symfony/console/Application.php(148): Symfony\\Component\\Console\\Application->doRun(Object(Symfony\\Component\\Console\\Input\\ArgvInput), Object(Symfony\\Component\\Console\\Output\\ConsoleOutput))
#29 /var/www/multisites/vendor/laravel/framework/src/Illuminate/Console/Application.php(90): Symfony\\Component\\Console\\Application->run(Object(Symfony\\Component\\Console\\Input\\ArgvInput), Object(Symfony\\Component\\Console\\Output\\ConsoleOutput))
#30 /var/www/multisites/vendor/laravel/framework/src/Illuminate/Foundation/Console/Kernel.php(133): Illuminate\\Console\\Application->run(Object(Symfony\\Component\\Console\\Input\\ArgvInput), Object(Symfony\\Component\\Console\\Output\\ConsoleOutput))
#31 /var/www/multisites/artisan(37): Illuminate\\Foundation\\Console\\Kernel->handle(Object(Symfony\\Component\\Console\\Input\\ArgvInput), Object(Symfony\\Component\\Console\\Output\\ConsoleOutput))
#32 {main}
"} 
